<?xml version="1.0" encoding="UTF-8"?>
<testng-results skipped="0" failed="0" ignored="0" total="1" passed="1">
  <reporter-output>
  </reporter-output>
  <suite name="Default suite" duration-ms="9938" started-at="2017-08-12T07:43:22Z" finished-at="2017-08-12T07:43:32Z">
    <groups>
    </groups>
    <test name="Default test" duration-ms="9938" started-at="2017-08-12T07:43:22Z" finished-at="2017-08-12T07:43:32Z">
      <class name="mmm.Chrome">
        <test-method status="PASS" signature="beforeTest()[pri:0, instance:mmm.Chrome@29ca901e]" name="beforeTest" is-config="true" duration-ms="5375" started-at="2017-08-12T03:43:22Z" finished-at="2017-08-12T03:43:27Z">
          <reporter-output>
          </reporter-output>
        </test-method> <!-- beforeTest -->
        <test-method status="PASS" signature="Chrome()[pri:0, instance:mmm.Chrome@29ca901e]" name="Chrome" duration-ms="4532" started-at="2017-08-12T03:43:27Z" finished-at="2017-08-12T03:43:32Z">
          <reporter-output>
          </reporter-output>
        </test-method> <!-- Chrome -->
      </class> <!-- mmm.Chrome -->
    </test> <!-- Default test -->
  </suite> <!-- Default suite -->
</testng-results>
