<?xml version="1.0" encoding="UTF-8"?>
<testng-results skipped="0" failed="0" ignored="0" total="1" passed="1">
  <reporter-output>
  </reporter-output>
  <suite name="Default suite" duration-ms="17696" started-at="2017-08-13T20:00:58Z" finished-at="2017-08-13T20:01:16Z">
    <groups>
    </groups>
    <test name="Default test" duration-ms="17696" started-at="2017-08-13T20:00:58Z" finished-at="2017-08-13T20:01:16Z">
      <class name="cfie.Chrome">
        <test-method status="PASS" signature="beforeTest()[pri:0, instance:cfie.Chrome@4fe3c938]" name="beforeTest" is-config="true" duration-ms="12187" started-at="2017-08-13T16:00:58Z" finished-at="2017-08-13T16:01:11Z">
          <reporter-output>
          </reporter-output>
        </test-method> <!-- beforeTest -->
        <test-method status="PASS" signature="ChromeTest()[pri:0, instance:cfie.Chrome@4fe3c938]" name="ChromeTest" duration-ms="5500" started-at="2017-08-13T16:01:11Z" finished-at="2017-08-13T16:01:16Z">
          <reporter-output>
          </reporter-output>
        </test-method> <!-- ChromeTest -->
      </class> <!-- cfie.Chrome -->
    </test> <!-- Default test -->
  </suite> <!-- Default suite -->
</testng-results>
